<?xml version="1.0" encoding="UTF-8"?>
<!-- Generated by org.testng.reporters.JUnitReportReporter -->
<testsuite hostname="yoganandpc" failures="0" tests="1" name="testcases.greenCartTestcase" time="11.664" errors="0" timestamp="2023-09-28T17:15:41 IST" skipped="0">
  <testcase classname="testcases.greenCartTestcase" name="place_order" time="11.664"/>
</testsuite> <!-- testcases.greenCartTestcase -->
