<?xml version="1.0" encoding="UTF-8"?>
<!-- Generated by org.testng.reporters.JUnitReportReporter -->
<testsuite hostname="LAPTOP-7G2PRVTP" failures="0" tests="1" name="automationExcercise.login_correctdata" time="62.856" errors="0" timestamp="2023-10-31T19:52:09 IST" skipped="0">
  <testcase classname="automationExcercise.login_correctdata" name="method" time="62.856"/>
</testsuite> <!-- automationExcercise.login_correctdata -->
