<?xml version="1.0" encoding="UTF-8"?>
<!-- Generated by org.testng.reporters.JUnitReportReporter -->
<testsuite hostname="PureBook-S14" failures="0" tests="1" name="testcases.testclass" time="0.008" errors="0" timestamp="2023-06-13T12:49:09 IST" skipped="0">
  <testcase classname="testcases.testclass" name="test" time="0.008"/>
  <system-out/>
</testsuite> <!-- testcases.testclass -->
