<?xml version="1.0" encoding="UTF-8"?>
<!-- Generated by org.testng.reporters.JUnitReportReporter -->
<testsuite hostname="PureBook-S14" failures="0" tests="1" name="testcases.Gen_Wind_Demo" time="7.554" errors="0" timestamp="2023-06-13T14:17:20 IST" skipped="0">
  <testcase classname="testcases.Gen_Wind_Demo" name="test" time="7.554"/>
  <system-out/>
</testsuite> <!-- testcases.Gen_Wind_Demo -->
