<?xml version="1.0" encoding="UTF-8"?>
<!-- Generated by org.testng.reporters.JUnitReportReporter -->
<testsuite hostname="LAPTOP-7G2PRVTP" failures="0" tests="1" name="testcases.googleTestcase" time="1.315" errors="0" timestamp="2023-10-31T11:52:55 IST" skipped="0">
  <testcase classname="testcases.googleTestcase" name="search" time="1.315"/>
</testsuite> <!-- testcases.googleTestcase -->
