<?xml version="1.0" encoding="UTF-8"?>
<!-- Generated by org.testng.reporters.JUnitReportReporter -->
<testsuite hostname="LAPTOP-7G2PRVTP" failures="0" tests="1" name="automationExcercise.logout_user" time="40.757" errors="0" timestamp="2023-10-31T20:41:41 IST" skipped="0">
  <testcase classname="automationExcercise.logout_user" name="method" time="40.757"/>
</testsuite> <!-- automationExcercise.logout_user -->
