<?xml version="1.0" encoding="UTF-8"?>
<!-- Generated by org.testng.reporters.JUnitReportReporter -->
<testsuite hostname="yoganandpc" failures="0" tests="1" name="testcases.greenCartWindows" time="6.477" errors="0" timestamp="2023-09-04T21:22:33 IST" skipped="0">
  <testcase classname="testcases.greenCartWindows" name="test" time="6.477"/>
</testsuite> <!-- testcases.greenCartWindows -->
