<?xml version="1.0" encoding="UTF-8"?>
<!-- Generated by org.testng.reporters.JUnitReportReporter -->
<testsuite hostname="LAPTOP-7G2PRVTP" failures="0" tests="1" name="automationExcercise.search" time="7.302" errors="0" timestamp="2023-11-01T22:33:08 IST" skipped="0">
  <testcase classname="automationExcercise.search" name="method" time="7.302"/>
</testsuite> <!-- automationExcercise.search -->
